<?xml version="1.0" encoding="UTF-8"?>
<testsuite xmlns:xsi="http://www.w3.org/2001/XMLSchema-instance" xsi:noNamespaceSchemaLocation="https://maven.apache.org/surefire/maven-surefire-plugin/xsd/surefire-test-report.xsd" name="my_groupID.AppTest" time="0.012" tests="1" errors="0" skipped="0" failures="0">
  <properties>
    <property name="java.specification.version" value="21"/>
    <property name="sun.jnu.encoding" value="UTF-8"/>
    <property name="java.class.path" value="/Users/hayacharafeddine/Sites/sca_qa/maven/vuln/target/test-classes:/Users/hayacharafeddine/Sites/sca_qa/maven/vuln/target/classes:/Users/hayacharafeddine/.m2/repository/junit/junit/4.11/junit-4.11.jar:/Users/hayacharafeddine/.m2/repository/org/hamcrest/hamcrest-core/1.3/hamcrest-core-1.3.jar:/Users/hayacharafeddine/.m2/repository/commons-io/commons-io/2.6/commons-io-2.6.jar:/Users/hayacharafeddine/.m2/repository/com/xuxueli/xxl-job-core/1.4.1/xxl-job-core-1.4.1.jar:/Users/hayacharafeddine/.m2/repository/org/eclipse/jetty/jetty-server/7.6.19.v20160209/jetty-server-7.6.19.v20160209.jar:/Users/hayacharafeddine/.m2/repository/org/eclipse/jetty/orbit/javax.servlet/2.5.0.v201103041518/javax.servlet-2.5.0.v201103041518.jar:/Users/hayacharafeddine/.m2/repository/org/eclipse/jetty/jetty-continuation/7.6.19.v20160209/jetty-continuation-7.6.19.v20160209.jar:/Users/hayacharafeddine/.m2/repository/org/eclipse/jetty/jetty-http/7.6.19.v20160209/jetty-http-7.6.19.v20160209.jar:/Users/hayacharafeddine/.m2/repository/org/eclipse/jetty/jetty-io/7.6.19.v20160209/jetty-io-7.6.19.v20160209.jar:/Users/hayacharafeddine/.m2/repository/org/eclipse/jetty/jetty-util/7.6.19.v20160209/jetty-util-7.6.19.v20160209.jar:/Users/hayacharafeddine/.m2/repository/org/slf4j/slf4j-log4j12/1.7.5/slf4j-log4j12-1.7.5.jar:/Users/hayacharafeddine/.m2/repository/org/slf4j/slf4j-api/1.7.5/slf4j-api-1.7.5.jar:/Users/hayacharafeddine/.m2/repository/log4j/log4j/1.2.17/log4j-1.2.17.jar:/Users/hayacharafeddine/.m2/repository/org/codehaus/jackson/jackson-mapper-asl/1.9.13/jackson-mapper-asl-1.9.13.jar:/Users/hayacharafeddine/.m2/repository/org/codehaus/jackson/jackson-core-asl/1.9.13/jackson-core-asl-1.9.13.jar:/Users/hayacharafeddine/.m2/repository/org/apache/httpcomponents/httpclient/4.3.6/httpclient-4.3.6.jar:/Users/hayacharafeddine/.m2/repository/org/apache/httpcomponents/httpcore/4.3.3/httpcore-4.3.3.jar:/Users/hayacharafeddine/.m2/repository/commons-logging/commons-logging/1.1.3/commons-logging-1.1.3.jar:/Users/hayacharafeddine/.m2/repository/commons-codec/commons-codec/1.6/commons-codec-1.6.jar:/Users/hayacharafeddine/.m2/repository/org/springframework/spring-context/3.2.14.RELEASE/spring-context-3.2.14.RELEASE.jar:/Users/hayacharafeddine/.m2/repository/org/springframework/spring-aop/3.2.14.RELEASE/spring-aop-3.2.14.RELEASE.jar:/Users/hayacharafeddine/.m2/repository/aopalliance/aopalliance/1.0/aopalliance-1.0.jar:/Users/hayacharafeddine/.m2/repository/org/springframework/spring-beans/3.2.14.RELEASE/spring-beans-3.2.14.RELEASE.jar:/Users/hayacharafeddine/.m2/repository/org/springframework/spring-core/3.2.14.RELEASE/spring-core-3.2.14.RELEASE.jar:/Users/hayacharafeddine/.m2/repository/org/springframework/spring-expression/3.2.14.RELEASE/spring-expression-3.2.14.RELEASE.jar:/Users/hayacharafeddine/.m2/repository/org/codehaus/groovy/groovy-all/2.4.5/groovy-all-2.4.5.jar:/Users/hayacharafeddine/.m2/repository/org/apache/logging/log4j/log4j-core/2.8.1/log4j-core-2.8.1.jar:/Users/hayacharafeddine/.m2/repository/org/apache/logging/log4j/log4j-api/2.8.1/log4j-api-2.8.1.jar:/Users/hayacharafeddine/.m2/repository/org/graylog2/graylog2-server/5.2.4/graylog2-server-5.2.4.jar:"/>
    <property name="java.vm.vendor" value="Homebrew"/>
    <property name="sun.arch.data.model" value="64"/>
    <property name="java.vendor.url" value="https://github.com/Homebrew/homebrew-core/issues"/>
    <property name="os.name" value="Mac OS X"/>
    <property name="java.vm.specification.version" value="21"/>
    <property name="sun.java.launcher" value="SUN_STANDARD"/>
    <property name="user.country" value="FR"/>
    <property name="sun.boot.library.path" value="/opt/homebrew/Cellar/openjdk/21.0.2/libexec/openjdk.jdk/Contents/Home/lib"/>
    <property name="sun.java.command" value="/Users/hayacharafeddine/Sites/sca_qa/maven/vuln/target/surefire/surefirebooter13462307900988281940.jar /Users/hayacharafeddine/Sites/sca_qa/maven/vuln/target/surefire 2024-02-13T16-51-51_641-jvmRun1 surefire6499229484078397859tmp surefire_014804431791987510335tmp"/>
    <property name="http.nonProxyHosts" value="local|*.local|169.254/16|*.169.254/16"/>
    <property name="jdk.debug" value="release"/>
    <property name="surefire.test.class.path" value="/Users/hayacharafeddine/Sites/sca_qa/maven/vuln/target/test-classes:/Users/hayacharafeddine/Sites/sca_qa/maven/vuln/target/classes:/Users/hayacharafeddine/.m2/repository/junit/junit/4.11/junit-4.11.jar:/Users/hayacharafeddine/.m2/repository/org/hamcrest/hamcrest-core/1.3/hamcrest-core-1.3.jar:/Users/hayacharafeddine/.m2/repository/commons-io/commons-io/2.6/commons-io-2.6.jar:/Users/hayacharafeddine/.m2/repository/com/xuxueli/xxl-job-core/1.4.1/xxl-job-core-1.4.1.jar:/Users/hayacharafeddine/.m2/repository/org/eclipse/jetty/jetty-server/7.6.19.v20160209/jetty-server-7.6.19.v20160209.jar:/Users/hayacharafeddine/.m2/repository/org/eclipse/jetty/orbit/javax.servlet/2.5.0.v201103041518/javax.servlet-2.5.0.v201103041518.jar:/Users/hayacharafeddine/.m2/repository/org/eclipse/jetty/jetty-continuation/7.6.19.v20160209/jetty-continuation-7.6.19.v20160209.jar:/Users/hayacharafeddine/.m2/repository/org/eclipse/jetty/jetty-http/7.6.19.v20160209/jetty-http-7.6.19.v20160209.jar:/Users/hayacharafeddine/.m2/repository/org/eclipse/jetty/jetty-io/7.6.19.v20160209/jetty-io-7.6.19.v20160209.jar:/Users/hayacharafeddine/.m2/repository/org/eclipse/jetty/jetty-util/7.6.19.v20160209/jetty-util-7.6.19.v20160209.jar:/Users/hayacharafeddine/.m2/repository/org/slf4j/slf4j-log4j12/1.7.5/slf4j-log4j12-1.7.5.jar:/Users/hayacharafeddine/.m2/repository/org/slf4j/slf4j-api/1.7.5/slf4j-api-1.7.5.jar:/Users/hayacharafeddine/.m2/repository/log4j/log4j/1.2.17/log4j-1.2.17.jar:/Users/hayacharafeddine/.m2/repository/org/codehaus/jackson/jackson-mapper-asl/1.9.13/jackson-mapper-asl-1.9.13.jar:/Users/hayacharafeddine/.m2/repository/org/codehaus/jackson/jackson-core-asl/1.9.13/jackson-core-asl-1.9.13.jar:/Users/hayacharafeddine/.m2/repository/org/apache/httpcomponents/httpclient/4.3.6/httpclient-4.3.6.jar:/Users/hayacharafeddine/.m2/repository/org/apache/httpcomponents/httpcore/4.3.3/httpcore-4.3.3.jar:/Users/hayacharafeddine/.m2/repository/commons-logging/commons-logging/1.1.3/commons-logging-1.1.3.jar:/Users/hayacharafeddine/.m2/repository/commons-codec/commons-codec/1.6/commons-codec-1.6.jar:/Users/hayacharafeddine/.m2/repository/org/springframework/spring-context/3.2.14.RELEASE/spring-context-3.2.14.RELEASE.jar:/Users/hayacharafeddine/.m2/repository/org/springframework/spring-aop/3.2.14.RELEASE/spring-aop-3.2.14.RELEASE.jar:/Users/hayacharafeddine/.m2/repository/aopalliance/aopalliance/1.0/aopalliance-1.0.jar:/Users/hayacharafeddine/.m2/repository/org/springframework/spring-beans/3.2.14.RELEASE/spring-beans-3.2.14.RELEASE.jar:/Users/hayacharafeddine/.m2/repository/org/springframework/spring-core/3.2.14.RELEASE/spring-core-3.2.14.RELEASE.jar:/Users/hayacharafeddine/.m2/repository/org/springframework/spring-expression/3.2.14.RELEASE/spring-expression-3.2.14.RELEASE.jar:/Users/hayacharafeddine/.m2/repository/org/codehaus/groovy/groovy-all/2.4.5/groovy-all-2.4.5.jar:/Users/hayacharafeddine/.m2/repository/org/apache/logging/log4j/log4j-core/2.8.1/log4j-core-2.8.1.jar:/Users/hayacharafeddine/.m2/repository/org/apache/logging/log4j/log4j-api/2.8.1/log4j-api-2.8.1.jar:/Users/hayacharafeddine/.m2/repository/org/graylog2/graylog2-server/5.2.4/graylog2-server-5.2.4.jar:"/>
    <property name="sun.cpu.endian" value="little"/>
    <property name="user.home" value="/Users/hayacharafeddine"/>
    <property name="user.language" value="en"/>
    <property name="java.specification.vendor" value="Oracle Corporation"/>
    <property name="java.version.date" value="2024-01-16"/>
    <property name="java.home" value="/opt/homebrew/Cellar/openjdk/21.0.2/libexec/openjdk.jdk/Contents/Home"/>
    <property name="file.separator" value="/"/>
    <property name="basedir" value="/Users/hayacharafeddine/Sites/sca_qa/maven/vuln"/>
    <property name="java.vm.compressedOopsMode" value="Zero based"/>
    <property name="line.separator" value="&#10;"/>
    <property name="java.vm.specification.vendor" value="Oracle Corporation"/>
    <property name="java.specification.name" value="Java Platform API Specification"/>
    <property name="apple.awt.application.name" value="ForkedBooter"/>
    <property name="surefire.real.class.path" value="/Users/hayacharafeddine/Sites/sca_qa/maven/vuln/target/surefire/surefirebooter13462307900988281940.jar"/>
    <property name="sun.management.compiler" value="HotSpot 64-Bit Tiered Compilers"/>
    <property name="ftp.nonProxyHosts" value="local|*.local|169.254/16|*.169.254/16"/>
    <property name="java.runtime.version" value="21.0.2"/>
    <property name="user.name" value="hayacharafeddine"/>
    <property name="stdout.encoding" value="UTF-8"/>
    <property name="path.separator" value=":"/>
    <property name="os.version" value="14.3"/>
    <property name="java.runtime.name" value="OpenJDK Runtime Environment"/>
    <property name="file.encoding" value="UTF-8"/>
    <property name="java.vm.name" value="OpenJDK 64-Bit Server VM"/>
    <property name="java.vendor.version" value="Homebrew"/>
    <property name="localRepository" value="/Users/hayacharafeddine/.m2/repository"/>
    <property name="java.vendor.url.bug" value="https://github.com/Homebrew/homebrew-core/issues"/>
    <property name="java.io.tmpdir" value="/var/folders/sk/8k7v42sd6435k2vf2wzk4jv00000gn/T/"/>
    <property name="java.version" value="21.0.2"/>
    <property name="user.dir" value="/Users/hayacharafeddine/Sites/sca_qa/maven/vuln"/>
    <property name="os.arch" value="aarch64"/>
    <property name="java.vm.specification.name" value="Java Virtual Machine Specification"/>
    <property name="native.encoding" value="UTF-8"/>
    <property name="java.library.path" value="/Users/hayacharafeddine/Library/Java/Extensions:/Library/Java/Extensions:/Network/Library/Java/Extensions:/System/Library/Java/Extensions:/usr/lib/java:."/>
    <property name="java.vm.info" value="mixed mode, sharing"/>
    <property name="stderr.encoding" value="UTF-8"/>
    <property name="java.vendor" value="Homebrew"/>
    <property name="java.vm.version" value="21.0.2"/>
    <property name="sun.io.unicode.encoding" value="UnicodeBig"/>
    <property name="socksNonProxyHosts" value="local|*.local|169.254/16|*.169.254/16"/>
    <property name="java.class.version" value="65.0"/>
  </properties>
  <testcase name="shouldAnswerWithTrue" classname="my_groupID.AppTest" time="0.002"/>
</testsuite>